<?xml version="1.0" encoding="UTF-8"?>
<testng-results ignored="0" total="3" passed="0" failed="0" skipped="3">
  <reporter-output>
  </reporter-output>
  <suite started-at="2022-04-23T12:54:47 IST" name="Suite" finished-at="2022-04-23T12:54:47 IST" duration-ms="87">
    <groups>
    </groups>
    <test started-at="2022-04-23T12:54:47 IST" name="Test" finished-at="2022-04-23T12:54:47 IST" duration-ms="87">
      <class name="com.eastmart.testscripts.HomePageTest">
        <test-method is-config="true" signature="launchApp(java.lang.String,java.lang.String)[pri:0, instance:com.eastmart.testscripts.HomePageTest@22555ebf]" started-at="2022-04-23T12:54:47 IST" name="launchApp" finished-at="1970-01-01T05:30:00 IST" duration-ms="-1650698687584" status="FAIL">
          <exception class="org.testng.TestNGException">
            <message>
              <![CDATA[
Parameter 'platform' is required by BeforeSuite on method launchApp but has not been marked @Optional or defined
in C:\Users\91799\eclipse-workspace\TheEastMart\testng.xml]]>
            </message>
            <full-stacktrace>
              <![CDATA[org.testng.TestNGException: 
Parameter 'platform' is required by BeforeSuite on method launchApp but has not been marked @Optional or defined
in C:\Users\91799\eclipse-workspace\TheEastMart\testng.xml
at org.testng.internal.Parameters.createParams(Parameters.java:267)
at org.testng.internal.Parameters.createParametersForMethod(Parameters.java:355)
at org.testng.internal.Parameters.createParameters(Parameters.java:660)
at org.testng.internal.Parameters.createConfigurationParameters(Parameters.java:166)
at org.testng.internal.invokers.ConfigInvoker.invokeConfigurations(ConfigInvoker.java:300)
at org.testng.SuiteRunner.privateRun(SuiteRunner.java:368)
at org.testng.SuiteRunner.run(SuiteRunner.java:326)
at org.testng.SuiteRunnerWorker.runSuite(SuiteRunnerWorker.java:52)
at org.testng.SuiteRunnerWorker.run(SuiteRunnerWorker.java:95)
at org.testng.TestNG.runSuitesSequentially(TestNG.java:1249)
at org.testng.TestNG.runSuitesLocally(TestNG.java:1169)
at org.testng.TestNG.runSuites(TestNG.java:1092)
at org.testng.TestNG.run(TestNG.java:1060)
at org.testng.remote.AbstractRemoteTestNG.run(AbstractRemoteTestNG.java:115)
at org.testng.remote.RemoteTestNG.initAndRun(RemoteTestNG.java:251)
at org.testng.remote.RemoteTestNG.main(RemoteTestNG.java:77)
]]>
            </full-stacktrace>
          </exception> <!-- org.testng.TestNGException -->
          <reporter-output>
          </reporter-output>
        </test-method> <!-- launchApp -->
        <test-method is-config="true" signature="loadConfig()[pri:0, instance:com.eastmart.testscripts.HomePageTest@22555ebf]" started-at="2022-04-23T12:54:47 IST" name="loadConfig" finished-at="2022-04-23T12:54:47 IST" duration-ms="0" status="SKIP">
          <reporter-output>
          </reporter-output>
        </test-method> <!-- loadConfig -->
        <test-method signature="navigateToSamsunTvTest()[pri:0, instance:com.eastmart.testscripts.HomePageTest@22555ebf]" started-at="2022-04-23T12:54:47 IST" name="navigateToSamsunTvTest" finished-at="2022-04-23T12:54:47 IST" duration-ms="0" status="SKIP">
          <exception class="org.testng.TestNGException">
            <message>
              <![CDATA[
Parameter 'platform' is required by BeforeSuite on method launchApp but has not been marked @Optional or defined
in C:\Users\91799\eclipse-workspace\TheEastMart\testng.xml]]>
            </message>
            <full-stacktrace>
              <![CDATA[org.testng.TestNGException: 
Parameter 'platform' is required by BeforeSuite on method launchApp but has not been marked @Optional or defined
in C:\Users\91799\eclipse-workspace\TheEastMart\testng.xml
at org.testng.internal.Parameters.createParams(Parameters.java:267)
at org.testng.internal.Parameters.createParametersForMethod(Parameters.java:355)
at org.testng.internal.Parameters.createParameters(Parameters.java:660)
at org.testng.internal.Parameters.createConfigurationParameters(Parameters.java:166)
at org.testng.internal.invokers.ConfigInvoker.invokeConfigurations(ConfigInvoker.java:300)
at org.testng.SuiteRunner.privateRun(SuiteRunner.java:368)
at org.testng.SuiteRunner.run(SuiteRunner.java:326)
at org.testng.SuiteRunnerWorker.runSuite(SuiteRunnerWorker.java:52)
at org.testng.SuiteRunnerWorker.run(SuiteRunnerWorker.java:95)
at org.testng.TestNG.runSuitesSequentially(TestNG.java:1249)
at org.testng.TestNG.runSuitesLocally(TestNG.java:1169)
at org.testng.TestNG.runSuites(TestNG.java:1092)
at org.testng.TestNG.run(TestNG.java:1060)
at org.testng.remote.AbstractRemoteTestNG.run(AbstractRemoteTestNG.java:115)
at org.testng.remote.RemoteTestNG.initAndRun(RemoteTestNG.java:251)
at org.testng.remote.RemoteTestNG.main(RemoteTestNG.java:77)
]]>
            </full-stacktrace>
          </exception> <!-- org.testng.TestNGException -->
          <reporter-output>
          </reporter-output>
        </test-method> <!-- navigateToSamsunTvTest -->
        <test-method is-config="true" signature="tearDown()[pri:0, instance:com.eastmart.testscripts.HomePageTest@22555ebf]" started-at="2022-04-23T12:54:47 IST" name="tearDown" finished-at="2022-04-23T12:54:47 IST" duration-ms="0" status="SKIP">
          <reporter-output>
          </reporter-output>
        </test-method> <!-- tearDown -->
      </class> <!-- com.eastmart.testscripts.HomePageTest -->
      <class name="com.eastmart.testscripts.ProductSelectionTest">
        <test-method signature="selectSecondHighestTvTest()[pri:0, instance:com.eastmart.testscripts.ProductSelectionTest@6a6cb05c]" started-at="2022-04-23T12:54:47 IST" name="selectSecondHighestTvTest" finished-at="2022-04-23T12:54:47 IST" duration-ms="0" status="SKIP">
          <exception class="org.testng.TestNGException">
            <message>
              <![CDATA[
Parameter 'platform' is required by BeforeSuite on method launchApp but has not been marked @Optional or defined
in C:\Users\91799\eclipse-workspace\TheEastMart\testng.xml]]>
            </message>
            <full-stacktrace>
              <![CDATA[org.testng.TestNGException: 
Parameter 'platform' is required by BeforeSuite on method launchApp but has not been marked @Optional or defined
in C:\Users\91799\eclipse-workspace\TheEastMart\testng.xml
at org.testng.internal.Parameters.createParams(Parameters.java:267)
at org.testng.internal.Parameters.createParametersForMethod(Parameters.java:355)
at org.testng.internal.Parameters.createParameters(Parameters.java:660)
at org.testng.internal.Parameters.createConfigurationParameters(Parameters.java:166)
at org.testng.internal.invokers.ConfigInvoker.invokeConfigurations(ConfigInvoker.java:300)
at org.testng.SuiteRunner.privateRun(SuiteRunner.java:368)
at org.testng.SuiteRunner.run(SuiteRunner.java:326)
at org.testng.SuiteRunnerWorker.runSuite(SuiteRunnerWorker.java:52)
at org.testng.SuiteRunnerWorker.run(SuiteRunnerWorker.java:95)
at org.testng.TestNG.runSuitesSequentially(TestNG.java:1249)
at org.testng.TestNG.runSuitesLocally(TestNG.java:1169)
at org.testng.TestNG.runSuites(TestNG.java:1092)
at org.testng.TestNG.run(TestNG.java:1060)
at org.testng.remote.AbstractRemoteTestNG.run(AbstractRemoteTestNG.java:115)
at org.testng.remote.RemoteTestNG.initAndRun(RemoteTestNG.java:251)
at org.testng.remote.RemoteTestNG.main(RemoteTestNG.java:77)
]]>
            </full-stacktrace>
          </exception> <!-- org.testng.TestNGException -->
          <reporter-output>
          </reporter-output>
        </test-method> <!-- selectSecondHighestTvTest -->
        <test-method signature="verifyAboutUsSection()[pri:0, instance:com.eastmart.testscripts.ProductSelectionTest@6a6cb05c]" started-at="2022-04-23T12:54:47 IST" name="verifyAboutUsSection" finished-at="2022-04-23T12:54:47 IST" duration-ms="0" status="SKIP">
          <exception class="org.testng.TestNGException">
            <message>
              <![CDATA[
Parameter 'platform' is required by BeforeSuite on method launchApp but has not been marked @Optional or defined
in C:\Users\91799\eclipse-workspace\TheEastMart\testng.xml]]>
            </message>
            <full-stacktrace>
              <![CDATA[org.testng.TestNGException: 
Parameter 'platform' is required by BeforeSuite on method launchApp but has not been marked @Optional or defined
in C:\Users\91799\eclipse-workspace\TheEastMart\testng.xml
at org.testng.internal.Parameters.createParams(Parameters.java:267)
at org.testng.internal.Parameters.createParametersForMethod(Parameters.java:355)
at org.testng.internal.Parameters.createParameters(Parameters.java:660)
at org.testng.internal.Parameters.createConfigurationParameters(Parameters.java:166)
at org.testng.internal.invokers.ConfigInvoker.invokeConfigurations(ConfigInvoker.java:300)
at org.testng.SuiteRunner.privateRun(SuiteRunner.java:368)
at org.testng.SuiteRunner.run(SuiteRunner.java:326)
at org.testng.SuiteRunnerWorker.runSuite(SuiteRunnerWorker.java:52)
at org.testng.SuiteRunnerWorker.run(SuiteRunnerWorker.java:95)
at org.testng.TestNG.runSuitesSequentially(TestNG.java:1249)
at org.testng.TestNG.runSuitesLocally(TestNG.java:1169)
at org.testng.TestNG.runSuites(TestNG.java:1092)
at org.testng.TestNG.run(TestNG.java:1060)
at org.testng.remote.AbstractRemoteTestNG.run(AbstractRemoteTestNG.java:115)
at org.testng.remote.RemoteTestNG.initAndRun(RemoteTestNG.java:251)
at org.testng.remote.RemoteTestNG.main(RemoteTestNG.java:77)
]]>
            </full-stacktrace>
          </exception> <!-- org.testng.TestNGException -->
          <reporter-output>
          </reporter-output>
        </test-method> <!-- verifyAboutUsSection -->
      </class> <!-- com.eastmart.testscripts.ProductSelectionTest -->
    </test> <!-- Test -->
  </suite> <!-- Suite -->
</testng-results>
