<?xml version="1.0" encoding="UTF-8"?>
<!-- Generated by org.testng.reporters.JUnitXMLReporter -->
<testsuite ignored="0" hostname="LAPTOP-KFNV4PL1" failures="0" tests="3" name="Test" time="0.087" errors="0" timestamp="2022-04-23T12:54:47 IST">
  <testcase classname="com.eastmart.base.BaseClass" name="@BeforeSuite launchApp" time="-1.650698687584E9">
    <failure type="org.testng.TestNGException" message="
Parameter &amp;apos;platform&amp;apos; is required by BeforeSuite on method launchApp but has not been marked @Optional or defined
in C:\Users\91799\eclipse-workspace\TheEastMart\testng.xml">
      <![CDATA[org.testng.TestNGException: 
Parameter 'platform' is required by BeforeSuite on method launchApp but has not been marked @Optional or defined
in C:\Users\91799\eclipse-workspace\TheEastMart\testng.xml
... Removed 16 stack frames]]>
    </failure>
  </testcase> <!-- @BeforeSuite launchApp -->
  <testcase classname="com.eastmart.base.BaseClass" name="@BeforeSuite loadConfig" time="0.0">
    <skipped/>
  </testcase> <!-- @BeforeSuite loadConfig -->
  <testcase classname="com.eastmart.testscripts.HomePageTest" name="navigateToSamsunTvTest" time="0.0">
    <skipped/>
  </testcase> <!-- navigateToSamsunTvTest -->
  <testcase classname="com.eastmart.testscripts.ProductSelectionTest" name="selectSecondHighestTvTest" time="0.0">
    <skipped/>
  </testcase> <!-- selectSecondHighestTvTest -->
  <testcase classname="com.eastmart.testscripts.ProductSelectionTest" name="verifyAboutUsSection" time="0.0">
    <skipped/>
  </testcase> <!-- verifyAboutUsSection -->
</testsuite> <!-- Test -->
